action: py37, msg: envreport
cwd: /root/Documents/AppSec3
cmd: /root/Documents/AppSec3/.tox/py37/bin/python -m pip freeze
attrs==19.3.0
Click==7.0
filelock==3.0.12
Flask==1.1.1
Flask-SQLAlchemy==2.4.1
importlib-metadata==1.1.2
itsdangerous==1.1.0
Jinja2==2.10.3
MarkupSafe==1.1.1
more-itertools==8.0.0
packaging==19.2
pluggy==0.13.1
py==1.8.0
pyparsing==2.4.5
pytest==5.3.1
six==1.13.0
SQLAlchemy==1.3.11
toml==0.10.0
tox==3.14.2
tox-travis==0.12
virtualenv==16.7.8
wcwidth==0.1.7
Werkzeug==0.16.0
zipp==0.6.0
