action: py37, msg: getenv
cwd: /root/Documents/AppSec3
cmd: /root/Documents/AppSec3/.tox/py37/bin/python -m pip install -rrequirements.txt
Collecting flask
  Using cached https://files.pythonhosted.org/packages/9b/93/628509b8d5dc749656a9641f4caf13540e2cdec85276964ff8f43bbb1d3b/Flask-1.1.1-py2.py3-none-any.whl
Collecting flask-sqlalchemy
  Using cached https://files.pythonhosted.org/packages/1e/65/226d95466c75e34e291a76890ed0e27af2e46ab913002847856f11d4d59d/Flask_SQLAlchemy-2.4.1-py2.py3-none-any.whl
Processing /root/.cache/pip/wheels/a3/67/7d/6c41104a1a08ff1a25e260d3edec3ac19203141d1aaa2f0975/SQLAlchemy-1.3.11-cp37-cp37m-linux_x86_64.whl
Collecting tox
  Using cached https://files.pythonhosted.org/packages/a7/64/73ee95a48a69fb40f9ce415cdeda09c0c2721da483aae0687884f3cb0586/tox-3.14.2-py2.py3-none-any.whl
Collecting tox-travis
  Using cached https://files.pythonhosted.org/packages/b9/62/940f7fdb0d207a90ebf8389b59679ed4c3b4b36357054a30dda6274ee6d0/tox_travis-0.12-py2.py3-none-any.whl
Collecting pytest
  Using cached https://files.pythonhosted.org/packages/da/ed/d22d7f06eb1107271694ed2171b9d52e8eea38d9757124e75ba13324ac77/pytest-5.3.1-py3-none-any.whl
Collecting click>=5.1
  Using cached https://files.pythonhosted.org/packages/fa/37/45185cb5abbc30d7257104c434fe0b07e5a195a6847506c074527aa599ec/Click-7.0-py2.py3-none-any.whl
Collecting Jinja2>=2.10.1
  Using cached https://files.pythonhosted.org/packages/65/e0/eb35e762802015cab1ccee04e8a277b03f1d8e53da3ec3106882ec42558b/Jinja2-2.10.3-py2.py3-none-any.whl
Collecting Werkzeug>=0.15
  Using cached https://files.pythonhosted.org/packages/ce/42/3aeda98f96e85fd26180534d36570e4d18108d62ae36f87694b476b83d6f/Werkzeug-0.16.0-py2.py3-none-any.whl
Collecting itsdangerous>=0.24
  Using cached https://files.pythonhosted.org/packages/76/ae/44b03b253d6fade317f32c24d100b3b35c2239807046a4c953c7b89fa49e/itsdangerous-1.1.0-py2.py3-none-any.whl
Collecting packaging>=14
  Using cached https://files.pythonhosted.org/packages/cf/94/9672c2d4b126e74c4496c6b3c58a8b51d6419267be9e70660ba23374c875/packaging-19.2-py2.py3-none-any.whl
Collecting py<2,>=1.4.17
  Using cached https://files.pythonhosted.org/packages/76/bc/394ad449851729244a97857ee14d7cba61ddb268dce3db538ba2f2ba1f0f/py-1.8.0-py2.py3-none-any.whl
Collecting filelock<4,>=3.0.0
  Using cached https://files.pythonhosted.org/packages/93/83/71a2ee6158bb9f39a90c0dea1637f81d5eef866e188e1971a1b1ab01a35a/filelock-3.0.12-py3-none-any.whl
Collecting six<2,>=1.0.0
  Using cached https://files.pythonhosted.org/packages/65/26/32b8464df2a97e6dd1b656ed26b2c194606c16fe163c695a992b36c11cdf/six-1.13.0-py2.py3-none-any.whl
Collecting importlib-metadata<2,>=1.1.0; python_version < "3.8"
  Downloading https://files.pythonhosted.org/packages/e7/59/cc2a91f71957dfb32f25e6b19d8c6dfdbe524e0998e7f7a58a75126ce0cd/importlib_metadata-1.2.0-py2.py3-none-any.whl
Collecting toml>=0.9.4
  Using cached https://files.pythonhosted.org/packages/a2/12/ced7105d2de62fa7c8fb5fce92cc4ce66b57c95fb875e9318dba7f8c5db0/toml-0.10.0-py2.py3-none-any.whl
Collecting pluggy<1,>=0.12.0
  Using cached https://files.pythonhosted.org/packages/a0/28/85c7aa31b80d150b772fbe4a229487bc6644da9ccb7e427dd8cc60cb8a62/pluggy-0.13.1-py2.py3-none-any.whl
Collecting virtualenv>=16.0.0
  Using cached https://files.pythonhosted.org/packages/62/77/6a86ef945ad39aae34aed4cc1ae4a2f941b9870917a974ed7c5b6f137188/virtualenv-16.7.8-py2.py3-none-any.whl
Collecting wcwidth
  Using cached https://files.pythonhosted.org/packages/7e/9f/526a6947247599b084ee5232e4f9190a38f398d7300d866af3ab571a5bfe/wcwidth-0.1.7-py2.py3-none-any.whl
Collecting attrs>=17.4.0
  Using cached https://files.pythonhosted.org/packages/a2/db/4313ab3be961f7a763066401fb77f7748373b6094076ae2bda2806988af6/attrs-19.3.0-py2.py3-none-any.whl
Collecting more-itertools>=4.0.0
  Using cached https://files.pythonhosted.org/packages/5c/1d/3df99de956abb96305956e09e6a1fa955883295e1f28808f9c97b3d5364d/more_itertools-8.0.0-py3-none-any.whl
Collecting MarkupSafe>=0.23
  Using cached https://files.pythonhosted.org/packages/98/7b/ff284bd8c80654e471b769062a9b43cc5d03e7a615048d96f4619df8d420/MarkupSafe-1.1.1-cp37-cp37m-manylinux1_x86_64.whl
Collecting pyparsing>=2.0.2
  Using cached https://files.pythonhosted.org/packages/c0/0c/fc2e007d9a992d997f04a80125b0f183da7fb554f1de701bbb70a8e7d479/pyparsing-2.4.5-py2.py3-none-any.whl
Collecting zipp>=0.5
  Using cached https://files.pythonhosted.org/packages/74/3d/1ee25a26411ba0401b43c6376d2316a71addcc72ef8690b101b4ea56d76a/zipp-0.6.0-py2.py3-none-any.whl
Installing collected packages: click, MarkupSafe, Jinja2, Werkzeug, itsdangerous, flask, sqlalchemy, flask-sqlalchemy, six, pyparsing, packaging, py, filelock, more-itertools, zipp, importlib-metadata, toml, pluggy, virtualenv, tox, tox-travis, wcwidth, attrs, pytest
Successfully installed Jinja2-2.10.3 MarkupSafe-1.1.1 Werkzeug-0.16.0 attrs-19.3.0 click-7.0 filelock-3.0.12 flask-1.1.1 flask-sqlalchemy-2.4.1 importlib-metadata-1.2.0 itsdangerous-1.1.0 more-itertools-8.0.0 packaging-19.2 pluggy-0.13.1 py-1.8.0 pyparsing-2.4.5 pytest-5.3.1 six-1.13.0 sqlalchemy-1.3.11 toml-0.10.0 tox-3.14.2 tox-travis-0.12 virtualenv-16.7.8 wcwidth-0.1.7 zipp-0.6.0
